<?xml version="1.0" encoding="UTF-8"?>
<!-- Generated by org.testng.reporters.JUnitXMLReporter -->
<testsuite hostname="V_Varsha2023" ignored="0" name="chromeTest" tests="6" failures="0" timestamp="29 Jun 2024 03:47:58 GMT" time="41.873" errors="0">
  <testcase name="tsetLogin" time="2.159" classname="org.parllel.FaceBook"/>
  <testcase name="tsetLogin" time="1.355" classname="org.parllel.FaceBook2"/>
  <testcase name="tsetLogin" time="1.538" classname="org.parllel.FaceBook3"/>
  <testcase name="CreatenewAccount" time="17.305" classname="org.parllel.FaceBook"/>
  <testcase name="CreatenewAccount" time="7.602" classname="org.parllel.FaceBook2"/>
  <testcase name="CreatenewAccount" time="7.316" classname="org.parllel.FaceBook3"/>
</testsuite> <!-- chromeTest -->
