<?xml version="1.0" encoding="UTF-8"?>
<!-- Generated by org.testng.reporters.JUnitXMLReporter -->
<testsuite hostname="V_Varsha2023" ignored="0" name="edgeTest" tests="6" failures="0" timestamp="29 Jun 2024 03:47:16 GMT" time="63.042" errors="0">
  <testcase name="tsetLogin" time="2.64" classname="org.parllel.FaceBook"/>
  <testcase name="tsetLogin" time="2.973" classname="org.parllel.FaceBook2"/>
  <testcase name="tsetLogin" time="2.637" classname="org.parllel.FaceBook3"/>
  <testcase name="CreatenewAccount" time="27.082" classname="org.parllel.FaceBook"/>
  <testcase name="CreatenewAccount" time="8.902" classname="org.parllel.FaceBook2"/>
  <testcase name="CreatenewAccount" time="8.798" classname="org.parllel.FaceBook3"/>
</testsuite> <!-- edgeTest -->
