<?xml version="1.0" encoding="UTF-8"?>
<!-- Generated by org.testng.reporters.JUnitXMLReporter -->
<testsuite hostname="V_Varsha2023" ignored="0" name="Test" tests="6" failures="0" timestamp="28 Jun 2024 14:09:46 GMT" time="60.417" errors="0">
  <testcase name="tsetLogin" time="4.697" classname="org.parllel.FaceBook"/>
  <testcase name="tsetLogin" time="3.912" classname="org.parllel.FaceBook2"/>
  <testcase name="tsetLogin" time="4.764" classname="org.parllel.FaceBook3"/>
  <testcase name="CreatenewAccount" time="22.209" classname="org.parllel.FaceBook"/>
  <testcase name="CreatenewAccount" time="8.698" classname="org.parllel.FaceBook2"/>
  <testcase name="CreatenewAccount" time="6.799" classname="org.parllel.FaceBook3"/>
</testsuite> <!-- Test -->
